[2016-02-08 12:10:20] myapp.ERROR: Symfony\Component\HttpKernel\Exception\NotFoundHttpException: No route found for "GET /" (uncaught exception) at C:\wamp\www\loretic-silex-skeleton\vendor\symfony\http-kernel\EventListener\RouterListener.php line 123 {"exception":"[object] (Symfony\\Component\\HttpKernel\\Exception\\NotFoundHttpException: No route found for \"GET /\" at C:\\wamp\\www\\loretic-silex-skeleton\\vendor\\symfony\\http-kernel\\EventListener\\RouterListener.php:123, Symfony\\Component\\Routing\\Exception\\ResourceNotFoundException: No routes found for \"/\". at C:\\wamp\\www\\loretic-silex-skeleton\\vendor\\symfony\\routing\\Matcher\\UrlMatcher.php:98)"} []
[2016-02-08 12:10:20] myapp.INFO: < 404 [] []
[2016-02-08 12:16:38] myapp.INFO: Matched route "homepage". {"route_parameters":{"_controller":["[object] (Loretic\\Core\\Controller\\DefaultController: {})","homepageAction"],"_route":"homepage"},"request_uri":"http://localhost:8080/loretic-silex-skeleton/web/index.php/"} []
[2016-02-08 12:16:38] myapp.INFO: Populated the TokenStorage with an anonymous Token. [] []
[2016-02-08 12:16:38] myapp.INFO: > GET /loretic-silex-skeleton/web/index.php [] []
[2016-02-08 12:16:38] myapp.CRITICAL: Twig_Error_Loader: Template "layout.twig" is not defined in "homepage.twig" at line 1. (uncaught exception) at C:\wamp\www\loretic-silex-skeleton\vendor\twig\twig\lib\Twig\Loader\Chain.php line 115 {"exception":"[object] (Twig_Error_Loader: Template \"layout.twig\" is not defined in \"homepage.twig\" at line 1. at C:\\wamp\\www\\loretic-silex-skeleton\\vendor\\twig\\twig\\lib\\Twig\\Loader\\Chain.php:115)"} []
[2016-02-08 12:16:38] myapp.INFO: < 500 [] []
[2016-02-08 12:17:39] myapp.INFO: Matched route "homepage". {"route_parameters":{"_controller":["[object] (Loretic\\Core\\Controller\\DefaultController: {})","homepageAction"],"_route":"homepage"},"request_uri":"http://localhost:8080/loretic-silex-skeleton/web/index.php/"} []
[2016-02-08 12:17:39] myapp.INFO: Populated the TokenStorage with an anonymous Token. [] []
[2016-02-08 12:17:39] myapp.INFO: > GET /loretic-silex-skeleton/web/index.php [] []
[2016-02-08 12:17:39] myapp.CRITICAL: Twig_Error_Loader: Template "layout.twig" is not defined in "homepage.twig" at line 1. (uncaught exception) at C:\wamp\www\loretic-silex-skeleton\vendor\twig\twig\lib\Twig\Loader\Chain.php line 115 {"exception":"[object] (Twig_Error_Loader: Template \"layout.twig\" is not defined in \"homepage.twig\" at line 1. at C:\\wamp\\www\\loretic-silex-skeleton\\vendor\\twig\\twig\\lib\\Twig\\Loader\\Chain.php:115)"} []
[2016-02-08 12:17:39] myapp.INFO: < 500 [] []
[2016-02-08 12:18:21] myapp.INFO: Matched route "homepage". {"route_parameters":{"_controller":["[object] (Loretic\\Core\\Controller\\DefaultController: {})","homepageAction"],"_route":"homepage"},"request_uri":"http://localhost:8080/loretic-silex-skeleton/web/index.php/"} []
[2016-02-08 12:18:21] myapp.INFO: Populated the TokenStorage with an anonymous Token. [] []
[2016-02-08 12:18:21] myapp.INFO: > GET /loretic-silex-skeleton/web/index.php [] []
[2016-02-08 12:18:21] myapp.INFO: < 200 [] []
[2016-02-08 12:18:33] myapp.INFO: Matched route "homepage". {"route_parameters":{"_controller":["[object] (Loretic\\Core\\Controller\\DefaultController: {})","homepageAction"],"_route":"homepage"},"request_uri":"http://localhost:8080/loretic-silex-skeleton/web/index.php/"} []
[2016-02-08 12:18:33] myapp.INFO: Populated the TokenStorage with an anonymous Token. [] []
[2016-02-08 12:18:33] myapp.INFO: > GET /loretic-silex-skeleton/web/index.php [] []
[2016-02-08 12:18:33] myapp.CRITICAL: Twig_Error_Syntax: A template that extends another one cannot have a body in "homepage.twig" at line 2. (uncaught exception) at C:\wamp\www\loretic-silex-skeleton\vendor\twig\twig\lib\Twig\Parser.php line 379 {"exception":"[object] (Twig_Error_Syntax: A template that extends another one cannot have a body in \"homepage.twig\" at line 2. at C:\\wamp\\www\\loretic-silex-skeleton\\vendor\\twig\\twig\\lib\\Twig\\Parser.php:379)"} []
[2016-02-08 12:18:33] myapp.INFO: < 500 [] []
[2016-02-08 12:19:12] myapp.INFO: Matched route "homepage". {"route_parameters":{"_controller":["[object] (Loretic\\Core\\Controller\\DefaultController: {})","homepageAction"],"_route":"homepage"},"request_uri":"http://localhost:8080/loretic-silex-skeleton/web/index.php/"} []
[2016-02-08 12:19:12] myapp.INFO: Populated the TokenStorage with an anonymous Token. [] []
[2016-02-08 12:19:12] myapp.INFO: > GET /loretic-silex-skeleton/web/index.php [] []
[2016-02-08 12:19:12] myapp.CRITICAL: Twig_Error_Runtime: An exception has been thrown during the rendering of a template ("Unable to generate a URL for the named route "programmer_new" as such route does not exist.") in "homepage.twig" at line 7. (uncaught exception) at C:\wamp\www\loretic-silex-skeleton\vendor\twig\twig\lib\Twig\Template.php line 182 {"exception":"[object] (Twig_Error_Runtime: An exception has been thrown during the rendering of a template (\"Unable to generate a URL for the named route \"programmer_new\" as such route does not exist.\") in \"homepage.twig\" at line 7. at C:\\wamp\\www\\loretic-silex-skeleton\\vendor\\twig\\twig\\lib\\Twig\\Template.php:182, Symfony\\Component\\Routing\\Exception\\RouteNotFoundException: Unable to generate a URL for the named route \"programmer_new\" as such route does not exist. at C:\\wamp\\www\\loretic-silex-skeleton\\vendor\\symfony\\routing\\Generator\\UrlGenerator.php:130)"} []
[2016-02-08 12:19:12] myapp.INFO: < 500 [] []
[2016-02-08 12:19:28] myapp.INFO: Matched route "homepage". {"route_parameters":{"_controller":["[object] (Loretic\\Core\\Controller\\DefaultController: {})","homepageAction"],"_route":"homepage"},"request_uri":"http://localhost:8080/loretic-silex-skeleton/web/index.php/"} []
[2016-02-08 12:19:28] myapp.INFO: Populated the TokenStorage with an anonymous Token. [] []
[2016-02-08 12:19:28] myapp.INFO: > GET /loretic-silex-skeleton/web/index.php [] []
[2016-02-08 12:19:28] myapp.INFO: < 200 [] []
[2016-02-08 13:26:47] myapp.INFO: Matched route "homepage". {"route_parameters":{"_controller":["[object] (Loretic\\Core\\Controller\\DefaultController: {})","homepageAction"],"_route":"homepage"},"request_uri":"http://localhost:8080/loretic-silex-skeleton/web/index.php/"} []
[2016-02-08 13:26:47] myapp.INFO: Populated the TokenStorage with an anonymous Token. [] []
[2016-02-08 13:26:47] myapp.INFO: > GET /loretic-silex-skeleton/web/index.php [] []
[2016-02-08 13:26:48] myapp.INFO: < 200 [] []
[2016-02-10 16:23:55] myapp.INFO: Matched route "homepage". {"route_parameters":{"_controller":["[object] (Loretic\\Core\\Controller\\DefaultController: {})","homepageAction"],"_route":"homepage"},"request_uri":"http://localhost:8080/loretic-silex-skeleton/web/index.php/"} []
[2016-02-10 16:23:55] myapp.INFO: Populated the TokenStorage with an anonymous Token. [] []
[2016-02-10 16:23:55] myapp.INFO: > GET /loretic-silex-skeleton/web/index.php [] []
[2016-02-10 16:23:57] myapp.INFO: < 200 [] []
[2016-02-10 16:24:12] myapp.INFO: Matched route "homepage". {"route_parameters":{"_controller":["[object] (Loretic\\Core\\Controller\\DefaultController: {})","homepageAction"],"_route":"homepage"},"request_uri":"http://localhost:8080/loretic-silex-skeleton/web/index.php/"} []
[2016-02-10 16:24:12] myapp.INFO: Populated the TokenStorage with an anonymous Token. [] []
[2016-02-10 16:24:12] myapp.INFO: > GET /loretic-silex-skeleton/web/index.php [] []
[2016-02-10 16:24:12] myapp.INFO: < 200 [] []
[2016-02-10 16:25:29] myapp.INFO: Matched route "homepage". {"route_parameters":{"_controller":["[object] (Loretic\\Core\\Controller\\DefaultController: {})","homepageAction"],"_route":"homepage"},"request_uri":"http://localhost:8080/loretic-silex-skeleton/web/index.php/"} []
[2016-02-10 16:25:29] myapp.INFO: Populated the TokenStorage with an anonymous Token. [] []
[2016-02-10 16:25:29] myapp.INFO: > GET /loretic-silex-skeleton/web/index.php [] []
[2016-02-10 16:25:29] myapp.INFO: < 200 [] []
[2016-02-10 16:27:35] myapp.INFO: Matched route "homepage". {"route_parameters":{"_controller":["[object] (Loretic\\Core\\Controller\\DefaultController: {})","homepageAction"],"_route":"homepage"},"request_uri":"http://localhost:8080/loretic-silex-skeleton/web/index.php/"} []
[2016-02-10 16:27:35] myapp.INFO: Populated the TokenStorage with an anonymous Token. [] []
[2016-02-10 16:27:35] myapp.INFO: > GET /loretic-silex-skeleton/web/index.php [] []
[2016-02-10 16:27:35] myapp.INFO: < 200 [] []
[2016-02-10 16:28:35] myapp.INFO: Matched route "homepage". {"route_parameters":{"_controller":["[object] (Loretic\\Core\\Controller\\DefaultController: {})","homepageAction"],"_route":"homepage"},"request_uri":"http://localhost:8080/loretic-silex-skeleton/web/index.php/"} []
[2016-02-10 16:28:35] myapp.INFO: Populated the TokenStorage with an anonymous Token. [] []
[2016-02-10 16:28:35] myapp.INFO: > GET /loretic-silex-skeleton/web/index.php [] []
[2016-02-10 16:28:35] myapp.INFO: < 200 [] []
[2016-02-10 16:28:37] myapp.INFO: Matched route "homepage". {"route_parameters":{"_controller":["[object] (Loretic\\Core\\Controller\\DefaultController: {})","homepageAction"],"_route":"homepage"},"request_uri":"http://localhost:8080/loretic-silex-skeleton/web/index.php/"} []
[2016-02-10 16:28:37] myapp.INFO: Populated the TokenStorage with an anonymous Token. [] []
[2016-02-10 16:28:37] myapp.INFO: > GET /loretic-silex-skeleton/web/index.php [] []
[2016-02-10 16:28:37] myapp.INFO: < 200 [] []
[2016-02-10 16:29:01] myapp.INFO: Matched route "homepage". {"route_parameters":{"_controller":["[object] (Loretic\\Core\\Controller\\DefaultController: {})","homepageAction"],"_route":"homepage"},"request_uri":"http://localhost:8080/loretic-silex-skeleton/web/index.php/"} []
[2016-02-10 16:29:01] myapp.INFO: Populated the TokenStorage with an anonymous Token. [] []
[2016-02-10 16:29:01] myapp.INFO: > GET /loretic-silex-skeleton/web/index.php [] []
[2016-02-10 16:29:01] myapp.CRITICAL: Twig_Error_Syntax: Unknown "assets" function in "layout.twig" at line 17. (uncaught exception) at C:\wamp\www\loretic-silex-skeleton\vendor\twig\twig\lib\Twig\ExpressionParser.php line 573 {"exception":"[object] (Twig_Error_Syntax: Unknown \"assets\" function in \"layout.twig\" at line 17. at C:\\wamp\\www\\loretic-silex-skeleton\\vendor\\twig\\twig\\lib\\Twig\\ExpressionParser.php:573)"} []
[2016-02-10 16:29:01] myapp.INFO: < 500 [] []
[2016-02-10 16:29:09] myapp.INFO: Matched route "homepage". {"route_parameters":{"_controller":["[object] (Loretic\\Core\\Controller\\DefaultController: {})","homepageAction"],"_route":"homepage"},"request_uri":"http://localhost:8080/loretic-silex-skeleton/web/index.php/"} []
[2016-02-10 16:29:09] myapp.INFO: Populated the TokenStorage with an anonymous Token. [] []
[2016-02-10 16:29:09] myapp.INFO: > GET /loretic-silex-skeleton/web/index.php [] []
[2016-02-10 16:29:09] myapp.CRITICAL: Twig_Error_Syntax: Unknown "asset" function in "layout.twig" at line 17. (uncaught exception) at C:\wamp\www\loretic-silex-skeleton\vendor\twig\twig\lib\Twig\ExpressionParser.php line 573 {"exception":"[object] (Twig_Error_Syntax: Unknown \"asset\" function in \"layout.twig\" at line 17. at C:\\wamp\\www\\loretic-silex-skeleton\\vendor\\twig\\twig\\lib\\Twig\\ExpressionParser.php:573)"} []
[2016-02-10 16:29:09] myapp.INFO: < 500 [] []
[2016-02-10 16:29:11] myapp.INFO: Matched route "homepage". {"route_parameters":{"_controller":["[object] (Loretic\\Core\\Controller\\DefaultController: {})","homepageAction"],"_route":"homepage"},"request_uri":"http://localhost:8080/loretic-silex-skeleton/web/index.php/"} []
[2016-02-10 16:29:11] myapp.INFO: Populated the TokenStorage with an anonymous Token. [] []
[2016-02-10 16:29:11] myapp.INFO: > GET /loretic-silex-skeleton/web/index.php [] []
[2016-02-10 16:29:11] myapp.CRITICAL: Twig_Error_Syntax: Unknown "asset" function in "layout.twig" at line 17. (uncaught exception) at C:\wamp\www\loretic-silex-skeleton\vendor\twig\twig\lib\Twig\ExpressionParser.php line 573 {"exception":"[object] (Twig_Error_Syntax: Unknown \"asset\" function in \"layout.twig\" at line 17. at C:\\wamp\\www\\loretic-silex-skeleton\\vendor\\twig\\twig\\lib\\Twig\\ExpressionParser.php:573)"} []
[2016-02-10 16:29:11] myapp.INFO: < 500 [] []
[2016-02-10 16:34:33] myapp.INFO: Matched route "homepage". {"route_parameters":{"_controller":["[object] (Loretic\\Core\\Controller\\DefaultController: {})","homepageAction"],"_route":"homepage"},"request_uri":"http://localhost:8080/loretic-silex-skeleton/web/index.php/"} []
[2016-02-10 16:34:33] myapp.INFO: Populated the TokenStorage with an anonymous Token. [] []
[2016-02-10 16:34:33] myapp.INFO: > GET /loretic-silex-skeleton/web/index.php [] []
[2016-02-10 16:34:33] myapp.INFO: < 200 [] []
